
simple_postgres: system execution failed.
Following is the set of recorded exceptions:

******************************** Thread exception *****************************
In thread           Root thread            0x0 (thread id)
*******************************************************************************
-------------------------------------------------------------------------------
Class / Object      Routine                Nature of exception           Effect
-------------------------------------------------------------------------------
PG_RESULT           clear @1               is_valid:                    
<00000253C7905278>                         Precondition violated.        Fail
-------------------------------------------------------------------------------
SIMPLE_POSTGRES     disconnect @3                                       
<00000253C79045C8>                         Routine failure.              Fail
-------------------------------------------------------------------------------
SIMPLE_DEBUG        make @24                                            
<00000253C7904588>                         Routine failure.              Fail
-------------------------------------------------------------------------------
SIMPLE_DEBUG        root's creation                                     
<00000253C7904588>                         Routine failure.              Exit
-------------------------------------------------------------------------------
